<?xml version="1.0" encoding="UTF-8"?>
<testsuite xmlns:xsi="http://www.w3.org/2001/XMLSchema-instance" xsi:noNamespaceSchemaLocation="https://maven.apache.org/surefire/maven-surefire-plugin/xsd/surefire-test-report-3.0.xsd" version="3.0" name="StringCalculatorTest" time="0.204" tests="3" errors="0" skipped="0" failures="0">
  <properties>
[...]
</properties>
  <testcase name="addTest1" classname="StringCalculatorTest" time="0.094"/>
  <testcase name="addTest2" classname="StringCalculatorTest" time="0.007"/>
  <testcase name="addTest3" classname="StringCalculatorTest" time="0.002"/>
</testsuite>